<?xml version="1.0" encoding="UTF-8"?>
<testsuite xmlns:xsi="http://www.w3.org/2001/XMLSchema-instance" xsi:noNamespaceSchemaLocation="https://maven.apache.org/surefire/maven-surefire-plugin/xsd/surefire-test-report-3.0.xsd" version="3.0" name="test.parqueaderoTest" time="0.069" tests="10" errors="0" skipped="0" failures="0">
  <properties>
[...]
</properties>
  <testcase name="testAndGetCosto" classname="test.parqueaderoTest" time="0.027"/>
  <testcase name="testHoraEntrada" classname="test.parqueaderoTest" time="0.002"/>
  <testcase name="testDeterminarHoraDeEntradaYSalida" classname="test.parqueaderoTest" time="0.001"/>
  <testcase name="testMinutoSalida" classname="test.parqueaderoTest" time="0.0"/>
  <testcase name="testMinutoEntrada" classname="test.parqueaderoTest" time="0.001"/>
  <testcase name="testHorasUso" classname="test.parqueaderoTest" time="0.001"/>
  <testcase name="testHoraSalida" classname="test.parqueaderoTest" time="0.001"/>
  <testcase name="testCambio" classname="test.parqueaderoTest" time="0.001"/>
  <testcase name="testDeterminarValorPorHora" classname="test.parqueaderoTest" time="0.0"/>
  <testcase name="testValRecibido" classname="test.parqueaderoTest" time="0.001"/>
</testsuite>